<?xml version="1.0" encoding="UTF-8"?>
<coverage generated="1744761865120" clover="3.2.0">
  <project timestamp="1744761865120" name="All files">
    <metrics statements="55" coveredstatements="42" conditionals="21" coveredconditionals="11" methods="8" coveredmethods="7" elements="84" coveredelements="60" complexity="0" loc="55" ncloc="55" packages="1" files="1" classes="1"/>
    <file name="index.ts" path="C:\Users\T\Projects\NeuralLog\registry\src\index.ts">
      <metrics statements="55" coveredstatements="42" conditionals="21" coveredconditionals="11" methods="8" coveredmethods="7"/>
      <line num="1" count="1" type="stmt"/>
      <line num="2" count="1" type="stmt"/>
      <line num="3" count="1" type="stmt"/>
      <line num="4" count="1" type="stmt"/>
      <line num="5" count="1" type="stmt"/>
      <line num="6" count="1" type="stmt"/>
      <line num="7" count="1" type="stmt"/>
      <line num="8" count="1" type="stmt"/>
      <line num="9" count="1" type="stmt"/>
      <line num="12" count="1" type="stmt"/>
      <line num="15" count="1" type="stmt"/>
      <line num="27" count="1" type="stmt"/>
      <line num="37" count="1" type="cond" truecount="0" falsecount="1"/>
      <line num="38" count="0" type="stmt"/>
      <line num="39" count="0" type="stmt"/>
      <line num="43" count="1" type="stmt"/>
      <line num="46" count="1" type="stmt"/>
      <line num="47" count="1" type="stmt"/>
      <line num="50" count="1" type="stmt"/>
      <line num="51" count="1" type="stmt"/>
      <line num="54" count="1" type="stmt"/>
      <line num="57" count="1" type="stmt"/>
      <line num="58" count="1" type="stmt"/>
      <line num="59" count="1" type="stmt"/>
      <line num="63" count="1" type="stmt"/>
      <line num="83" count="2" type="cond" truecount="1" falsecount="0"/>
      <line num="84" count="2" type="stmt"/>
      <line num="86" count="0" type="stmt"/>
      <line num="90" count="2" type="cond" truecount="1" falsecount="0"/>
      <line num="91" count="2" type="stmt"/>
      <line num="93" count="0" type="stmt"/>
      <line num="97" count="2" type="stmt"/>
      <line num="101" count="1" type="stmt"/>
      <line num="102" count="1" type="stmt"/>
      <line num="105" count="1" type="stmt"/>
      <line num="106" count="2" type="stmt"/>
      <line num="108" count="2" type="cond" truecount="2" falsecount="0"/>
      <line num="111" count="2" type="cond" truecount="0" falsecount="1"/>
      <line num="112" count="0" type="stmt"/>
      <line num="119" count="2" type="stmt"/>
      <line num="127" count="2" type="stmt"/>
      <line num="128" count="2" type="stmt"/>
      <line num="130" count="0" type="stmt"/>
      <line num="131" count="0" type="stmt"/>
      <line num="139" count="1" type="stmt"/>
      <line num="140" count="2" type="stmt"/>
      <line num="141" count="2" type="cond" truecount="1" falsecount="1"/>
      <line num="148" count="1" type="cond" truecount="0" falsecount="1"/>
      <line num="149" count="0" type="stmt"/>
      <line num="150" count="0" type="stmt"/>
      <line num="151" count="0" type="stmt"/>
      <line num="152" count="0" type="stmt"/>
      <line num="153" count="0" type="stmt"/>
      <line num="154" count="0" type="stmt"/>
      <line num="159" count="1" type="stmt"/>
    </file>
  </project>
</coverage>
