{"C:\\Users\\T\\Projects\\NeuralLog\\registry\\src\\index.ts": {"path":"C:\\Users\\T\\Projects\\NeuralLog\\registry\\src\\index.ts","statementMap":{"0":{"start":{"line":1,"column":0},"end":{"line":1,"column":30}},"1":{"start":{"line":2,"column":0},"end":{"line":2,"column":24}},"2":{"start":{"line":3,"column":0},"end":{"line":3,"column":28}},"3":{"start":{"line":4,"column":0},"end":{"line":4,"column":59}},"4":{"start":{"line":5,"column":0},"end":{"line":5,"column":43}},"5":{"start":{"line":6,"column":0},"end":{"line":6,"column":62}},"6":{"start":{"line":7,"column":0},"end":{"line":7,"column":32}},"7":{"start":{"line":8,"column":0},"end":{"line":8,"column":25}},"8":{"start":{"line":9,"column":0},"end":{"line":9,"column":29}},"9":{"start":{"line":12,"column":0},"end":{"line":12,"column":16}},"10":{"start":{"line":15,"column":15},"end":{"line":24,"column":2}},"11":{"start":{"line":27,"column":15},"end":{"line":34,"column":2}},"12":{"start":{"line":37,"column":0},"end":{"line":40,"column":1}},"13":{"start":{"line":38,"column":2},"end":{"line":38,"column":61}},"14":{"start":{"line":39,"column":2},"end":{"line":39,"column":18}},"15":{"start":{"line":43,"column":12},"end":{"line":43,"column":21}},"16":{"start":{"line":46,"column":0},"end":{"line":46,"column":16}},"17":{"start":{"line":47,"column":0},"end":{"line":47,"column":24}},"18":{"start":{"line":50,"column":20},"end":{"line":50,"column":56}},"19":{"start":{"line":51,"column":20},"end":{"line":51,"column":67}},"20":{"start":{"line":54,"column":0},"end":{"line":54,"column":75}},"21":{"start":{"line":57,"column":0},"end":{"line":60,"column":3}},"22":{"start":{"line":58,"column":2},"end":{"line":58,"column":45}},"23":{"start":{"line":59,"column":2},"end":{"line":59,"column":28}},"24":{"start":{"line":63,"column":0},"end":{"line":70,"column":2}},"25":{"start":{"line":83,"column":2},"end":{"line":85,"column":3}},"26":{"start":{"line":84,"column":4},"end":{"line":84,"column":26}},"27":{"start":{"line":86,"column":2},"end":{"line":86,"column":64}},"28":{"start":{"line":90,"column":2},"end":{"line":92,"column":3}},"29":{"start":{"line":91,"column":4},"end":{"line":91,"column":28}},"30":{"start":{"line":93,"column":2},"end":{"line":93,"column":63}},"31":{"start":{"line":97,"column":2},"end":{"line":97,"column":59}},"32":{"start":{"line":101,"column":0},"end":{"line":103,"column":3}},"33":{"start":{"line":102,"column":2},"end":{"line":102,"column":56}},"34":{"start":{"line":105,"column":0},"end":{"line":136,"column":3}},"35":{"start":{"line":106,"column":2},"end":{"line":135,"column":3}},"36":{"start":{"line":108,"column":21},"end":{"line":108,"column":66}},"37":{"start":{"line":111,"column":4},"end":{"line":116,"column":5}},"38":{"start":{"line":112,"column":6},"end":{"line":115,"column":9}},"39":{"start":{"line":119,"column":39},"end":{"line":125,"column":6}},"40":{"start":{"line":127,"column":4},"end":{"line":127,"column":65}},"41":{"start":{"line":128,"column":4},"end":{"line":128,"column":23}},"42":{"start":{"line":130,"column":4},"end":{"line":130,"column":55}},"43":{"start":{"line":131,"column":4},"end":{"line":134,"column":7}},"44":{"start":{"line":139,"column":0},"end":{"line":145,"column":3}},"45":{"start":{"line":140,"column":2},"end":{"line":140,"column":40}},"46":{"start":{"line":141,"column":2},"end":{"line":144,"column":5}},"47":{"start":{"line":148,"column":0},"end":{"line":156,"column":1}},"48":{"start":{"line":149,"column":2},"end":{"line":155,"column":5}},"49":{"start":{"line":150,"column":4},"end":{"line":150,"column":98}},"50":{"start":{"line":151,"column":4},"end":{"line":151,"column":45}},"51":{"start":{"line":152,"column":4},"end":{"line":152,"column":49}},"52":{"start":{"line":153,"column":4},"end":{"line":153,"column":43}},"53":{"start":{"line":154,"column":4},"end":{"line":154,"column":86}},"54":{"start":{"line":159,"column":0},"end":{"line":159,"column":19}}},"fnMap":{"0":{"name":"(anonymous_10)","decl":{"start":{"line":57,"column":25},"end":{"line":57,"column":26}},"loc":{"start":{"line":57,"column":38},"end":{"line":60,"column":1}}},"1":{"name":"getAuthUrl","decl":{"start":{"line":82,"column":9},"end":{"line":82,"column":19}},"loc":{"start":{"line":82,"column":19},"end":{"line":87,"column":1}}},"2":{"name":"getServerUrl","decl":{"start":{"line":89,"column":9},"end":{"line":89,"column":21}},"loc":{"start":{"line":89,"column":21},"end":{"line":94,"column":1}}},"3":{"name":"getWebUrl","decl":{"start":{"line":96,"column":9},"end":{"line":96,"column":18}},"loc":{"start":{"line":96,"column":18},"end":{"line":98,"column":1}}},"4":{"name":"(anonymous_14)","decl":{"start":{"line":101,"column":19},"end":{"line":101,"column":20}},"loc":{"start":{"line":101,"column":32},"end":{"line":103,"column":1}}},"5":{"name":"(anonymous_15)","decl":{"start":{"line":105,"column":22},"end":{"line":105,"column":23}},"loc":{"start":{"line":105,"column":35},"end":{"line":136,"column":1}}},"6":{"name":"(anonymous_16)","decl":{"start":{"line":139,"column":8},"end":{"line":139,"column":9}},"loc":{"start":{"line":139,"column":94},"end":{"line":145,"column":1}}},"7":{"name":"(anonymous_17)","decl":{"start":{"line":149,"column":26},"end":{"line":149,"column":29}},"loc":{"start":{"line":149,"column":31},"end":{"line":155,"column":3}}}},"branchMap":{"0":{"loc":{"start":{"line":16,"column":9},"end":{"line":16,"column":40}},"type":"binary-expr","locations":[{"start":{"line":16,"column":9},"end":{"line":16,"column":30}},{"start":{"line":16,"column":34},"end":{"line":16,"column":40}}]},"1":{"loc":{"start":{"line":28,"column":17},"end":{"line":28,"column":43}},"type":"binary-expr","locations":[{"start":{"line":28,"column":17},"end":{"line":28,"column":33}},{"start":{"line":28,"column":37},"end":{"line":28,"column":43}}]},"2":{"loc":{"start":{"line":29,"column":12},"end":{"line":29,"column":46}},"type":"binary-expr","locations":[{"start":{"line":29,"column":12},"end":{"line":29,"column":33}},{"start":{"line":29,"column":37},"end":{"line":29,"column":46}}]},"3":{"loc":{"start":{"line":30,"column":14},"end":{"line":30,"column":56}},"type":"binary-expr","locations":[{"start":{"line":30,"column":14},"end":{"line":30,"column":37}},{"start":{"line":30,"column":41},"end":{"line":30,"column":56}}]},"4":{"loc":{"start":{"line":33,"column":14},"end":{"line":33,"column":45}},"type":"binary-expr","locations":[{"start":{"line":33,"column":14},"end":{"line":33,"column":37}},{"start":{"line":33,"column":41},"end":{"line":33,"column":45}}]},"5":{"loc":{"start":{"line":37,"column":0},"end":{"line":40,"column":1}},"type":"if","locations":[{"start":{"line":37,"column":0},"end":{"line":40,"column":1}}]},"6":{"loc":{"start":{"line":83,"column":2},"end":{"line":85,"column":3}},"type":"if","locations":[{"start":{"line":83,"column":2},"end":{"line":85,"column":3}}]},"7":{"loc":{"start":{"line":90,"column":2},"end":{"line":92,"column":3}},"type":"if","locations":[{"start":{"line":90,"column":2},"end":{"line":92,"column":3}}]},"8":{"loc":{"start":{"line":108,"column":21},"end":{"line":108,"column":66}},"type":"binary-expr","locations":[{"start":{"line":108,"column":21},"end":{"line":108,"column":47}},{"start":{"line":108,"column":51},"end":{"line":108,"column":66}}]},"9":{"loc":{"start":{"line":111,"column":4},"end":{"line":116,"column":5}},"type":"if","locations":[{"start":{"line":111,"column":4},"end":{"line":116,"column":5}}]},"10":{"loc":{"start":{"line":141,"column":13},"end":{"line":141,"column":30}},"type":"binary-expr","locations":[{"start":{"line":141,"column":13},"end":{"line":141,"column":23}},{"start":{"line":141,"column":27},"end":{"line":141,"column":30}}]},"11":{"loc":{"start":{"line":143,"column":13},"end":{"line":143,"column":51}},"type":"binary-expr","locations":[{"start":{"line":143,"column":13},"end":{"line":143,"column":24}},{"start":{"line":143,"column":28},"end":{"line":143,"column":51}}]},"12":{"loc":{"start":{"line":148,"column":0},"end":{"line":156,"column":1}},"type":"if","locations":[{"start":{"line":148,"column":0},"end":{"line":156,"column":1}}]}},"s":{"0":1,"1":1,"2":1,"3":1,"4":1,"5":1,"6":1,"7":1,"8":1,"9":1,"10":1,"11":1,"12":1,"13":0,"14":0,"15":1,"16":1,"17":1,"18":1,"19":1,"20":1,"21":1,"22":1,"23":1,"24":1,"25":2,"26":2,"27":0,"28":2,"29":2,"30":0,"31":2,"32":1,"33":1,"34":1,"35":2,"36":2,"37":2,"38":0,"39":2,"40":2,"41":2,"42":0,"43":0,"44":1,"45":2,"46":2,"47":1,"48":0,"49":0,"50":0,"51":0,"52":0,"53":0,"54":1},"f":{"0":1,"1":2,"2":2,"3":2,"4":1,"5":2,"6":2,"7":0},"b":{"0":[1,0],"1":[1,0],"2":[1,0],"3":[1,0],"4":[1,0],"5":[0],"6":[2],"7":[2],"8":[2,1],"9":[0],"10":[2,0],"11":[2,0],"12":[0]}}
}
