TN:
SF:src\index.ts
FN:57,(anonymous_10)
FN:82,getAuthUrl
FN:89,getServerUrl
FN:96,getWebUrl
FN:101,(anonymous_14)
FN:105,(anonymous_15)
FN:139,(anonymous_16)
FN:149,(anonymous_17)
FNF:8
FNH:7
FNDA:1,(anonymous_10)
FNDA:2,getAuthUrl
FNDA:2,getServerUrl
FNDA:2,getWebUrl
FNDA:1,(anonymous_14)
FNDA:2,(anonymous_15)
FNDA:2,(anonymous_16)
FNDA:0,(anonymous_17)
DA:1,1
DA:2,1
DA:3,1
DA:4,1
DA:5,1
DA:6,1
DA:7,1
DA:8,1
DA:9,1
DA:12,1
DA:15,1
DA:27,1
DA:37,1
DA:38,0
DA:39,0
DA:43,1
DA:46,1
DA:47,1
DA:50,1
DA:51,1
DA:54,1
DA:57,1
DA:58,1
DA:59,1
DA:63,1
DA:83,2
DA:84,2
DA:86,0
DA:90,2
DA:91,2
DA:93,0
DA:97,2
DA:101,1
DA:102,1
DA:105,1
DA:106,2
DA:108,2
DA:111,2
DA:112,0
DA:119,2
DA:127,2
DA:128,2
DA:130,0
DA:131,0
DA:139,1
DA:140,2
DA:141,2
DA:148,1
DA:149,0
DA:150,0
DA:151,0
DA:152,0
DA:153,0
DA:154,0
DA:159,1
LF:55
LH:42
BRDA:16,0,0,1
BRDA:16,0,1,0
BRDA:28,1,0,1
BRDA:28,1,1,0
BRDA:29,2,0,1
BRDA:29,2,1,0
BRDA:30,3,0,1
BRDA:30,3,1,0
BRDA:33,4,0,1
BRDA:33,4,1,0
BRDA:37,5,0,0
BRDA:83,6,0,2
BRDA:90,7,0,2
BRDA:108,8,0,2
BRDA:108,8,1,1
BRDA:111,9,0,0
BRDA:141,10,0,2
BRDA:141,10,1,0
BRDA:143,11,0,2
BRDA:143,11,1,0
BRDA:148,12,0,0
BRF:21
BRH:11
end_of_record
